<?xml version="1.0" encoding="UTF-8"?>
<!-- Generated by org.testng.reporters.JUnitXMLReporter -->
<testsuite ignored="0" hostname="3520dell" failures="0" tests="4" name="Default test" time="59.882" errors="0" timestamp="2024-11-08T13:06:57 IST">
  <testcase classname="reports.dataproviderTest" name="loginTest" time="33.918"/>
  <testcase classname="reports.dataproviderTest" name="loginTest" time="6.072"/>
  <testcase classname="reports.dataproviderTest" name="loginTest" time="6.534"/>
  <testcase classname="reports.dataproviderTest" name="loginTest" time="13.305"/>
</testsuite> <!-- Default test -->
