<?xml version="1.0" encoding="UTF-8"?>
<!-- Generated by org.testng.reporters.JUnitXMLReporter -->
<testsuite ignored="0" hostname="3520dell" failures="0" tests="4" name="Test Runner 2" time="0.084" errors="0" timestamp="2024-11-08T13:12:04 IST">
  <testcase classname="distributedparallel.test6" name="demo" time="0.017"/>
  <testcase classname="distributedparallel.test6" name="demo2" time="0.004"/>
  <testcase classname="distributedparallel.test5" name="demo" time="0.004"/>
  <testcase classname="distributedparallel.test5" name="demo2" time="0.003"/>
</testsuite> <!-- Test Runner 2 -->
