<?xml version="1.0" encoding="UTF-8"?>
<!-- Generated by org.testng.reporters.JUnitXMLReporter -->
<testsuite ignored="6" hostname="3520dell" failures="0" tests="3" name="Test" time="0.067" errors="0" timestamp="2024-11-06T12:27:27 IST">
  <testcase classname="groupexecution.test2" name="demo1" time="0.016"/>
  <testcase classname="groupexecution.test2" name="demo3" time="0.002"/>
  <testcase classname="groupexecution.test1" name="demo1" time="0.001"/>
  <testcase classname="groupexecution.test1" name="demo3" time="0.0">
    <ignored/>
  </testcase> <!-- demo3 -->
  <testcase classname="groupexecution.test3" name="demo3" time="0.0">
    <ignored/>
  </testcase> <!-- demo3 -->
  <testcase classname="groupexecution.test1" name="demo2" time="0.0">
    <ignored/>
  </testcase> <!-- demo2 -->
  <testcase classname="groupexecution.test3" name="demo1" time="0.0">
    <ignored/>
  </testcase> <!-- demo1 -->
  <testcase classname="groupexecution.test3" name="demo2" time="0.0">
    <ignored/>
  </testcase> <!-- demo2 -->
  <testcase classname="groupexecution.test2" name="demo2" time="0.0">
    <ignored/>
  </testcase> <!-- demo2 -->
</testsuite> <!-- Test -->
