<?xml version="1.0" encoding="UTF-8"?>
<!-- Generated by org.testng.reporters.JUnitXMLReporter -->
<testsuite ignored="1" hostname="3520dell" failures="0" tests="1" name="Test Runner 3(failed)" time="0.065" errors="0" timestamp="2024-11-08T13:14:07 IST">
  <testcase classname="distributedparallel.test2" name="demo" time="0.014"/>
  <testcase classname="distributedparallel.test2" name="demo2" time="0.0">
    <ignored/>
  </testcase> <!-- demo2 -->
</testsuite> <!-- Test Runner 3(failed) -->
