<?xml version="1.0" encoding="UTF-8"?>
<testng-results ignored="2" total="4" passed="2" failed="0" skipped="0">
  <reporter-output>
  </reporter-output>
  <suite started-at="2024-11-08T13:14:07 IST" name="Failed suite [Suite]" finished-at="2024-11-08T13:14:07 IST" duration-ms="65">
    <groups>
    </groups>
    <test started-at="2024-11-08T13:14:07 IST" name="Test Runner 1(failed)" finished-at="2024-11-08T13:14:07 IST" duration-ms="65">
      <class name="distributedparallel.test4">
        <test-method signature="demo2()[pri:0, instance:distributedparallel.test4@158da8e]" started-at="2024-11-08T13:14:07 IST" name="demo2" finished-at="2024-11-08T13:14:07 IST" duration-ms="14" status="PASS">
          <reporter-output>
          </reporter-output>
        </test-method> <!-- demo2 -->
      </class> <!-- distributedparallel.test4 -->
    </test> <!-- Test Runner 1(failed) -->
    <test started-at="2024-11-08T13:14:07 IST" name="Test Runner 3(failed)" finished-at="2024-11-08T13:14:07 IST" duration-ms="65">
      <class name="distributedparallel.test2">
        <test-method signature="demo()[pri:0, instance:distributedparallel.test2@6cf0e0ba]" started-at="2024-11-08T13:14:07 IST" name="demo" finished-at="2024-11-08T13:14:07 IST" duration-ms="14" status="PASS">
          <reporter-output>
          </reporter-output>
        </test-method> <!-- demo -->
      </class> <!-- distributedparallel.test2 -->
    </test> <!-- Test Runner 3(failed) -->
  </suite> <!-- Failed suite [Suite] -->
</testng-results>
